[debug] [2017-11-19T04:38:19.779Z] ----------------------------------------------------------------------
[debug] [2017-11-19T04:38:19.780Z] Command:       C:\Program Files\nodejs\node.exe C:\Users\felip\AppData\Roaming\npm\node_modules\firebase-tools\bin\firebase deploy --only hosting
[debug] [2017-11-19T04:38:19.780Z] CLI Version:   3.15.0
[debug] [2017-11-19T04:38:19.780Z] Platform:      win32
[debug] [2017-11-19T04:38:19.780Z] Node Version:  v9.1.0
[debug] [2017-11-19T04:38:19.780Z] Time:          Sun Nov 19 2017 02:38:19 GMT-0200 (Horário brasileiro de verão)
[debug] [2017-11-19T04:38:19.780Z] ----------------------------------------------------------------------
[debug] 
[debug] [2017-11-19T04:38:19.795Z] > command requires scopes: ["email","openid","https://www.googleapis.com/auth/cloudplatformprojects.readonly","https://www.googleapis.com/auth/firebase","https://www.googleapis.com/auth/cloud-platform"]
[debug] [2017-11-19T04:38:19.795Z] > authorizing via signed-in user
[debug] [2017-11-19T04:38:19.795Z] > refreshing access token with scopes: ["email","https://www.googleapis.com/auth/cloud-platform","https://www.googleapis.com/auth/cloudplatformprojects.readonly","https://www.googleapis.com/auth/firebase","openid"]
[debug] [2017-11-19T04:38:19.795Z] >>> HTTP REQUEST POST https://www.googleapis.com/oauth2/v3/token { refresh_token: '1/eVc1MwHPl6AowxEs5--JcCLPU9pv-jEuTgLCk-bggIg',
  client_id: '563584335869-fgrhgmd47bqnekij5i8b5pr03ho849e6.apps.googleusercontent.com',
  client_secret: 'j9iVZfS8kkCEFUPaAeJV0sAi',
  grant_type: 'refresh_token',
  scope: 'email https://www.googleapis.com/auth/cloud-platform https://www.googleapis.com/auth/cloudplatformprojects.readonly https://www.googleapis.com/auth/firebase openid' } 
 Sun Nov 19 2017 02:38:19 GMT-0200 (Horário brasileiro de verão)
[debug] [2017-11-19T04:38:20.211Z] <<< HTTP RESPONSE 200
[debug] [2017-11-19T04:38:20.242Z] >>> HTTP REQUEST GET https://admin.firebase.com/v1/projects/livraria-71416  
 Sun Nov 19 2017 02:38:20 GMT-0200 (Horário brasileiro de verão)
[debug] [2017-11-19T04:38:21.614Z] <<< HTTP RESPONSE 200
[debug] [2017-11-19T04:38:21.617Z] >>> HTTP REQUEST GET https://admin.firebase.com/v1/database/livraria-71416/tokens  
 Sun Nov 19 2017 02:38:21 GMT-0200 (Horário brasileiro de verão)
[debug] [2017-11-19T04:38:22.424Z] <<< HTTP RESPONSE 200
[info] 
[info] === Deploying to 'livraria-71416'...
[info] 
[info] i  deploying hosting
[info] i  hosting: preparing public directory for upload...
[debug] [2017-11-19T04:38:24.597Z] TypeError: no files or directories specified
    at Object.module.exports (C:\Users\felip\AppData\Roaming\npm\node_modules\firebase-tools\node_modules\tar\lib\create.js:19:11)
    at module.exports (C:\Users\felip\AppData\Roaming\npm\node_modules\firebase-tools\lib\prepareUpload.js:21:14)
    at module.exports (C:\Users\felip\AppData\Roaming\npm\node_modules\firebase-tools\lib\deploy\hosting\deploy.js:23:10)
    at _chain (C:\Users\felip\AppData\Roaming\npm\node_modules\firebase-tools\lib\deploy\index.js:22:45)
    at C:\Users\felip\AppData\Roaming\npm\node_modules\firebase-tools\lib\deploy\index.js:72:12
    at tryCatch (C:\Users\felip\AppData\Roaming\npm\node_modules\firebase-tools\node_modules\rsvp\dist\rsvp.js:525:12)
    at invokeCallback (C:\Users\felip\AppData\Roaming\npm\node_modules\firebase-tools\node_modules\rsvp\dist\rsvp.js:538:13)
    at C:\Users\felip\AppData\Roaming\npm\node_modules\firebase-tools\node_modules\rsvp\dist\rsvp.js:606:14
    at flush (C:\Users\felip\AppData\Roaming\npm\node_modules\firebase-tools\node_modules\rsvp\dist\rsvp.js:2415:5)
    at _combinedTickCallback (internal/process/next_tick.js:131:7)
[error] 
[error] Error: An unexpected error has occurred.
